<?xml version="1.0" encoding="UTF-8"?>
<!-- Generated by org.testng.reporters.JUnitXMLReporter -->
<testsuite ignored="0" hostname="Himaz-WL" failures="0" tests="2" name="Default test" time="11.204" errors="0" timestamp="2024-12-05T15:42:30 IST">
  <testcase classname="com.qa.testcases.JavascriptAlertPageTest" name="verifyJSAlertFunctionality" time="0.547"/>
  <testcase classname="com.qa.testcases.JavascriptAlertPageTest" name="verifyJSConfirmFunctionality" time="0.544"/>
</testsuite> <!-- Default test -->
