<?xml version="1.0" encoding="UTF-8"?>
<!-- Generated by org.testng.reporters.JUnitXMLReporter -->
<testsuite ignored="0" hostname="Himaz-WL" failures="0" tests="3" name="Chrome Tests" time="18.738" errors="0" timestamp="2024-12-05T16:01:20 IST">
  <testcase classname="com.qa.testcases.CheckBoxPageTest" name="verifyCheckBoxFunctionality" time="0.587"/>
  <testcase classname="com.qa.testcases.DropDownPageTest" name="verifyCheckBoxFunctionality" time="0.741"/>
  <testcase classname="com.qa.testcases.HoverPageTest" name="verifyMouseHoverFirstImageFunctionality" time="0.864"/>
</testsuite> <!-- Chrome Tests -->
