<?xml version="1.0" encoding="UTF-8"?>
<!-- Generated by org.testng.reporters.JUnitXMLReporter -->
<testsuite ignored="0" hostname="Himaz-WL" failures="0" tests="3" name="Firefox Tests" time="28.509" errors="0" timestamp="2024-12-05T16:34:31 IST">
  <testcase classname="com.qa.testcases.InputPageTest" name="verifyInputFunctionality" time="0.534"/>
  <testcase classname="com.qa.testcases.JavascriptAlertPageTest" name="verifyJSAlertFunctionality" time="0.58"/>
  <testcase classname="com.qa.testcases.JavascriptAlertPageTest" name="verifyJSConfirmFunctionality" time="0.539"/>
</testsuite> <!-- Firefox Tests -->
