<?xml version="1.0" encoding="UTF-8"?>
<!-- Generated by org.testng.reporters.JUnitXMLReporter -->
<testsuite ignored="0" hostname="Himaz-WL" failures="0" tests="3" name="Firefox Tests" time="32.091" errors="0" timestamp="2024-12-05T16:01:33 IST">
  <testcase classname="com.qa.testcases.InputPageTest" name="verifyCheckBoxFunctionality" time="0.542"/>
  <testcase classname="com.qa.testcases.JavascriptAlertPageTest" name="verifyJSAlertFunctionality" time="0.562"/>
  <testcase classname="com.qa.testcases.JavascriptAlertPageTest" name="verifyJSConfirmFunctionality" time="0.546"/>
</testsuite> <!-- Firefox Tests -->
