<?xml version="1.0" encoding="UTF-8"?>
<testng-results ignored="0" total="6" passed="6" failed="0" skipped="0">
  <reporter-output>
  </reporter-output>
  <suite started-at="2024-12-05T16:34:03 IST" name="Automation Suite" finished-at="2024-12-05T16:34:31 IST" duration-ms="28509">
    <groups>
    </groups>
    <test started-at="2024-12-05T16:34:03 IST" name="Chrome Tests" finished-at="2024-12-05T16:34:21 IST" duration-ms="18423">
      <class name="com.qa.testcases.CheckBoxPageTest">
        <test-method is-config="true" signature="setUp(java.lang.String)[pri:0, instance:com.qa.testcases.CheckBoxPageTest@202b0582]" started-at="2024-12-05T16:34:03 IST" name="setUp" finished-at="2024-12-05T16:34:08 IST" duration-ms="5565" status="PASS">
          <params>
            <param index="0">
              <value>
                <![CDATA[chrome]]>
              </value>
            </param>
          </params>
          <reporter-output>
          </reporter-output>
        </test-method> <!-- setUp -->
        <test-method signature="verifyCheckBoxFunctionality()[pri:0, instance:com.qa.testcases.CheckBoxPageTest@202b0582]" started-at="2024-12-05T16:34:08 IST" name="verifyCheckBoxFunctionality" finished-at="2024-12-05T16:34:09 IST" duration-ms="552" status="PASS">
          <reporter-output>
          </reporter-output>
        </test-method> <!-- verifyCheckBoxFunctionality -->
        <test-method is-config="true" signature="quit()[pri:0, instance:com.qa.testcases.CheckBoxPageTest@202b0582]" started-at="2024-12-05T16:34:09 IST" name="quit" finished-at="2024-12-05T16:34:09 IST" duration-ms="130" status="PASS">
          <reporter-output>
          </reporter-output>
        </test-method> <!-- quit -->
      </class> <!-- com.qa.testcases.CheckBoxPageTest -->
      <class name="com.qa.testcases.HoverPageTest">
        <test-method is-config="true" signature="setUp(java.lang.String)[pri:0, instance:com.qa.testcases.HoverPageTest@4681c175]" started-at="2024-12-05T16:34:15 IST" name="setUp" finished-at="2024-12-05T16:34:20 IST" duration-ms="4440" status="PASS">
          <params>
            <param index="0">
              <value>
                <![CDATA[chrome]]>
              </value>
            </param>
          </params>
          <reporter-output>
          </reporter-output>
        </test-method> <!-- setUp -->
        <test-method signature="verifyMouseHoverFirstImageFunctionality()[pri:0, instance:com.qa.testcases.HoverPageTest@4681c175]" started-at="2024-12-05T16:34:20 IST" name="verifyMouseHoverFirstImageFunctionality" finished-at="2024-12-05T16:34:21 IST" duration-ms="1123" status="PASS">
          <reporter-output>
          </reporter-output>
        </test-method> <!-- verifyMouseHoverFirstImageFunctionality -->
        <test-method is-config="true" signature="quit()[pri:0, instance:com.qa.testcases.HoverPageTest@4681c175]" started-at="2024-12-05T16:34:21 IST" name="quit" finished-at="2024-12-05T16:34:21 IST" duration-ms="125" status="PASS">
          <reporter-output>
          </reporter-output>
        </test-method> <!-- quit -->
      </class> <!-- com.qa.testcases.HoverPageTest -->
      <class name="com.qa.testcases.DropDownPageTest">
        <test-method is-config="true" signature="setUp(java.lang.String)[pri:0, instance:com.qa.testcases.DropDownPageTest@353352b6]" started-at="2024-12-05T16:34:09 IST" name="setUp" finished-at="2024-12-05T16:34:15 IST" duration-ms="5504" status="PASS">
          <params>
            <param index="0">
              <value>
                <![CDATA[chrome]]>
              </value>
            </param>
          </params>
          <reporter-output>
          </reporter-output>
        </test-method> <!-- setUp -->
        <test-method signature="verifyDropDownFunctionality()[pri:0, instance:com.qa.testcases.DropDownPageTest@353352b6]" started-at="2024-12-05T16:34:15 IST" name="verifyDropDownFunctionality" finished-at="2024-12-05T16:34:15 IST" duration-ms="779" status="PASS">
          <reporter-output>
          </reporter-output>
        </test-method> <!-- verifyDropDownFunctionality -->
        <test-method is-config="true" signature="quit()[pri:0, instance:com.qa.testcases.DropDownPageTest@353352b6]" started-at="2024-12-05T16:34:15 IST" name="quit" finished-at="2024-12-05T16:34:15 IST" duration-ms="150" status="PASS">
          <reporter-output>
          </reporter-output>
        </test-method> <!-- quit -->
      </class> <!-- com.qa.testcases.DropDownPageTest -->
    </test> <!-- Chrome Tests -->
    <test started-at="2024-12-05T16:34:03 IST" name="Firefox Tests" finished-at="2024-12-05T16:34:31 IST" duration-ms="28509">
      <class name="com.qa.testcases.InputPageTest">
        <test-method is-config="true" signature="setUp(java.lang.String)[pri:0, instance:com.qa.testcases.InputPageTest@2ab4bc72]" started-at="2024-12-05T16:34:03 IST" name="setUp" finished-at="2024-12-05T16:34:12 IST" duration-ms="8995" status="PASS">
          <params>
            <param index="0">
              <value>
                <![CDATA[firefox]]>
              </value>
            </param>
          </params>
          <reporter-output>
          </reporter-output>
        </test-method> <!-- setUp -->
        <test-method signature="verifyInputFunctionality()[pri:0, instance:com.qa.testcases.InputPageTest@2ab4bc72]" started-at="2024-12-05T16:34:12 IST" name="verifyInputFunctionality" finished-at="2024-12-05T16:34:12 IST" duration-ms="534" status="PASS">
          <reporter-output>
          </reporter-output>
        </test-method> <!-- verifyInputFunctionality -->
        <test-method is-config="true" signature="quit()[pri:0, instance:com.qa.testcases.InputPageTest@2ab4bc72]" started-at="2024-12-05T16:34:12 IST" name="quit" finished-at="2024-12-05T16:34:14 IST" duration-ms="1236" status="PASS">
          <reporter-output>
          </reporter-output>
        </test-method> <!-- quit -->
      </class> <!-- com.qa.testcases.InputPageTest -->
      <class name="com.qa.testcases.JavascriptAlertPageTest">
        <test-method is-config="true" signature="setUp(java.lang.String)[pri:0, instance:com.qa.testcases.JavascriptAlertPageTest@4e5ed836]" started-at="2024-12-05T16:34:14 IST" name="setUp" finished-at="2024-12-05T16:34:22 IST" duration-ms="8163" status="PASS">
          <params>
            <param index="0">
              <value>
                <![CDATA[firefox]]>
              </value>
            </param>
          </params>
          <reporter-output>
          </reporter-output>
        </test-method> <!-- setUp -->
        <test-method signature="verifyJSAlertFunctionality()[pri:0, instance:com.qa.testcases.JavascriptAlertPageTest@4e5ed836]" started-at="2024-12-05T16:34:22 IST" name="verifyJSAlertFunctionality" finished-at="2024-12-05T16:34:22 IST" duration-ms="580" status="PASS">
          <reporter-output>
          </reporter-output>
        </test-method> <!-- verifyJSAlertFunctionality -->
        <test-method is-config="true" signature="quit()[pri:0, instance:com.qa.testcases.JavascriptAlertPageTest@4e5ed836]" started-at="2024-12-05T16:34:22 IST" name="quit" finished-at="2024-12-05T16:34:23 IST" duration-ms="617" status="PASS">
          <reporter-output>
          </reporter-output>
        </test-method> <!-- quit -->
        <test-method is-config="true" signature="setUp(java.lang.String)[pri:0, instance:com.qa.testcases.JavascriptAlertPageTest@4e5ed836]" started-at="2024-12-05T16:34:23 IST" name="setUp" finished-at="2024-12-05T16:34:30 IST" duration-ms="6954" status="PASS">
          <params>
            <param index="0">
              <value>
                <![CDATA[firefox]]>
              </value>
            </param>
          </params>
          <reporter-output>
          </reporter-output>
        </test-method> <!-- setUp -->
        <test-method signature="verifyJSConfirmFunctionality()[pri:1, instance:com.qa.testcases.JavascriptAlertPageTest@4e5ed836]" started-at="2024-12-05T16:34:30 IST" name="verifyJSConfirmFunctionality" finished-at="2024-12-05T16:34:30 IST" duration-ms="539" status="PASS">
          <reporter-output>
          </reporter-output>
        </test-method> <!-- verifyJSConfirmFunctionality -->
        <test-method is-config="true" signature="quit()[pri:0, instance:com.qa.testcases.JavascriptAlertPageTest@4e5ed836]" started-at="2024-12-05T16:34:30 IST" name="quit" finished-at="2024-12-05T16:34:31 IST" duration-ms="836" status="PASS">
          <reporter-output>
          </reporter-output>
        </test-method> <!-- quit -->
      </class> <!-- com.qa.testcases.JavascriptAlertPageTest -->
    </test> <!-- Firefox Tests -->
  </suite> <!-- Automation Suite -->
</testng-results>
